<?xml version="1.0" encoding="UTF-8"?>
<!-- Generated by org.testng.reporters.JUnitXMLReporter -->
<testsuite ignored="0" hostname="LAPTOP-USNI1EVF" failures="0" tests="3" name="Default test" time="60.678" errors="0" timestamp="2025-09-06T23:55:28 IST">
  <testcase classname="com.wipro.Capstone.Booking" name="Bookingflow" time="31.721"/>
  <testcase classname="com.wipro.Capstone.Booking" name="BookingFunctionality" time="12.259"/>
  <testcase classname="com.wipro.Capstone.Booking" name="BookingDetails" time="16.605"/>
</testsuite> <!-- Default test -->
