<?xml version="1.0" encoding="UTF-8"?>
<!-- Generated by org.testng.reporters.JUnitXMLReporter -->
<testsuite ignored="0" hostname="LAPTOP-USNI1EVF" failures="1" tests="6" name="Booking End-to-End" time="17.756" errors="0" timestamp="2025-09-01T12:12:48 IST">
  <testcase classname="com.wipro.Capstone.Booking" name="validateHomeAndSearchBox" time="6.846">
    <failure type="java.lang.AssertionError" message="Rewards section CTA should be visible expected [true] but found [false]">
      <![CDATA[java.lang.AssertionError: Rewards section CTA should be visible expected [true] but found [false]
at com.wipro.Capstone.Booking.validateHomeAndSearchBox(Booking.java:67)
at java.base/java.util.ArrayList.forEach(ArrayList.java:1596)
... Removed 28 stack frames]]>
    </failure>
  </testcase> <!-- validateHomeAndSearchBox -->
  <testcase classname="com.wipro.Capstone.Booking" name="selectDates" time="0.0">
    <skipped/>
  </testcase> <!-- selectDates -->
  <testcase classname="com.wipro.Capstone.Booking" name="submitSearch" time="0.0">
    <skipped/>
  </testcase> <!-- submitSearch -->
  <testcase classname="com.wipro.Capstone.Booking" name="applyFiltersAndSorting" time="0.002">
    <skipped/>
  </testcase> <!-- applyFiltersAndSorting -->
  <testcase classname="com.wipro.Capstone.Booking" name="openHotelAndVerify" time="0.0">
    <skipped/>
  </testcase> <!-- openHotelAndVerify -->
  <testcase classname="com.wipro.Capstone.Booking" name="selectRoomAndProceed" time="0.001">
    <skipped/>
  </testcase> <!-- selectRoomAndProceed -->
</testsuite> <!-- Booking End-to-End -->
