<?xml version="1.0" encoding="UTF-8"?>
<testng-results ignored="0" total="3" passed="3" failed="0" skipped="0">
  <reporter-output>
  </reporter-output>
  <suite started-at="2025-09-06T23:54:27 IST" name="Default suite" finished-at="2025-09-06T23:55:28 IST" duration-ms="60678">
    <groups>
    </groups>
    <test started-at="2025-09-06T23:54:27 IST" name="Default test" finished-at="2025-09-06T23:55:28 IST" duration-ms="60678">
      <class name="com.wipro.Capstone.Booking">
        <test-method signature="Bookingflow()[pri:0, instance:com.wipro.Capstone.Booking@5b1669c0]" started-at="2025-09-06T23:54:28 IST" name="Bookingflow" finished-at="2025-09-06T23:54:59 IST" duration-ms="31721" status="PASS">
          <reporter-output>
          </reporter-output>
        </test-method> <!-- Bookingflow -->
        <test-method signature="BookingFunctionality()[pri:1, instance:com.wipro.Capstone.Booking@5b1669c0]" started-at="2025-09-06T23:54:59 IST" name="BookingFunctionality" finished-at="2025-09-06T23:55:12 IST" duration-ms="12259" status="PASS">
          <reporter-output>
          </reporter-output>
        </test-method> <!-- BookingFunctionality -->
        <test-method signature="BookingDetails()[pri:2, instance:com.wipro.Capstone.Booking@5b1669c0]" started-at="2025-09-06T23:55:12 IST" name="BookingDetails" finished-at="2025-09-06T23:55:28 IST" duration-ms="16605" status="PASS">
          <reporter-output>
          </reporter-output>
        </test-method> <!-- BookingDetails -->
      </class> <!-- com.wipro.Capstone.Booking -->
    </test> <!-- Default test -->
  </suite> <!-- Default suite -->
</testng-results>
